2017-03-22 09:39:51,133 [main] INFO  c.g.e.m.h.c.ui.Html5AppCoreUIPlugin - Pluging started
2017-03-22 09:39:55,909 [Worker-4] INFO  o.e.m.c.i.i.nexus.NexusIndexManager - Updating index for repository: central|http://repo.maven.apache.org/maven2
2017-03-22 09:39:56,212 [Worker-4] INFO  c.n.h.c.p.n.NettyAsyncHttpProvider - Number of application's worked threads is 8
2017-03-22 09:40:09,378 [Worker-0] INFO  c.n.h.c.p.n.NettyAsyncHttpProvider - Number of application's worked threads is 8
2017-03-22 09:40:09,809 [New I/O client worker #2-1] INFO  o.e.m.c.i.e.AbstractTransferListenerAdapter - Downloaded http://repo.maven.apache.org/maven2/org/icefaces/icefaces/1.8.0/icefaces-1.8.0.jar
2017-03-22 09:40:09,959 [Worker-0] INFO  c.n.h.c.p.n.NettyAsyncHttpProvider - Number of application's worked threads is 8
2017-03-22 09:40:10,429 [New I/O client worker #3-1] INFO  o.e.m.c.i.e.AbstractTransferListenerAdapter - Downloading http://repo.maven.apache.org/maven2/org/apache/maven/plugins/maven-clean-plugin/2.4.1/maven-clean-plugin-2.4.1.pom
2017-03-22 09:40:10,431 [New I/O client worker #3-1] INFO  o.e.m.c.i.e.AbstractTransferListenerAdapter - Downloaded http://repo.maven.apache.org/maven2/org/apache/maven/plugins/maven-clean-plugin/2.4.1/maven-clean-plugin-2.4.1.pom
2017-03-22 09:40:10,713 [Worker-0] INFO  c.n.h.c.p.n.NettyAsyncHttpProvider - Number of application's worked threads is 8
2017-03-22 09:40:11,109 [New I/O client worker #4-1] INFO  o.e.m.c.i.e.AbstractTransferListenerAdapter - Downloading http://repo.maven.apache.org/maven2/org/apache/maven/plugins/maven-plugins/18/maven-plugins-18.pom
2017-03-22 09:40:11,119 [New I/O client worker #4-1] INFO  o.e.m.c.i.e.AbstractTransferListenerAdapter - Downloaded http://repo.maven.apache.org/maven2/org/apache/maven/plugins/maven-plugins/18/maven-plugins-18.pom
2017-03-22 09:40:11,365 [Worker-0] INFO  c.n.h.c.p.n.NettyAsyncHttpProvider - Number of application's worked threads is 8
2017-03-22 09:40:11,945 [New I/O client worker #5-1] INFO  o.e.m.c.i.e.AbstractTransferListenerAdapter - Downloading http://repo.maven.apache.org/maven2/org/apache/maven/maven-parent/16/maven-parent-16.pom
2017-03-22 09:40:12,260 [New I/O client worker #5-1] INFO  o.e.m.c.i.e.AbstractTransferListenerAdapter - Downloaded http://repo.maven.apache.org/maven2/org/apache/maven/maven-parent/16/maven-parent-16.pom
2017-03-22 09:40:12,611 [Worker-0] INFO  c.n.h.c.p.n.NettyAsyncHttpProvider - Number of application's worked threads is 8
2017-03-22 09:40:13,006 [New I/O client worker #6-1] INFO  o.e.m.c.i.e.AbstractTransferListenerAdapter - Downloading http://repo.maven.apache.org/maven2/org/apache/apache/7/apache-7.pom
2017-03-22 09:40:13,191 [New I/O client worker #6-1] INFO  o.e.m.c.i.e.AbstractTransferListenerAdapter - Downloaded http://repo.maven.apache.org/maven2/org/apache/apache/7/apache-7.pom
2017-03-22 09:40:13,537 [Worker-0] INFO  c.n.h.c.p.n.NettyAsyncHttpProvider - Number of application's worked threads is 8
2017-03-22 09:40:14,048 [New I/O client worker #7-1] INFO  o.e.m.c.i.e.AbstractTransferListenerAdapter - Downloading http://repo.maven.apache.org/maven2/org/apache/maven/plugins/maven-clean-plugin/2.4.1/maven-clean-plugin-2.4.1.jar
2017-03-22 09:40:14,333 [New I/O client worker #7-1] INFO  o.e.m.c.i.e.AbstractTransferListenerAdapter - Downloaded http://repo.maven.apache.org/maven2/org/apache/maven/plugins/maven-clean-plugin/2.4.1/maven-clean-plugin-2.4.1.jar
2017-03-22 09:40:15,487 [Worker-0] INFO  c.n.h.c.p.n.NettyAsyncHttpProvider - Number of application's worked threads is 8
2017-03-22 09:40:15,962 [New I/O client worker #8-1] INFO  o.e.m.c.i.e.AbstractTransferListenerAdapter - Downloading http://repo.maven.apache.org/maven2/org/apache/maven/plugins/maven-install-plugin/2.3.1/maven-install-plugin-2.3.1.pom
2017-03-22 09:40:15,966 [New I/O client worker #8-1] INFO  o.e.m.c.i.e.AbstractTransferListenerAdapter - Downloaded http://repo.maven.apache.org/maven2/org/apache/maven/plugins/maven-install-plugin/2.3.1/maven-install-plugin-2.3.1.pom
2017-03-22 09:40:16,300 [Worker-0] INFO  c.n.h.c.p.n.NettyAsyncHttpProvider - Number of application's worked threads is 8
2017-03-22 09:40:16,742 [New I/O client worker #9-1] INFO  o.e.m.c.i.e.AbstractTransferListenerAdapter - Downloading http://repo.maven.apache.org/maven2/org/apache/maven/plugins/maven-install-plugin/2.3.1/maven-install-plugin-2.3.1.jar
2017-03-22 09:40:16,980 [New I/O client worker #9-1] INFO  o.e.m.c.i.e.AbstractTransferListenerAdapter - Downloaded http://repo.maven.apache.org/maven2/org/apache/maven/plugins/maven-install-plugin/2.3.1/maven-install-plugin-2.3.1.jar
2017-03-22 09:40:17,485 [Worker-0] INFO  c.n.h.c.p.n.NettyAsyncHttpProvider - Number of application's worked threads is 8
2017-03-22 09:40:18,609 [New I/O client worker #10-1] INFO  o.e.m.c.i.e.AbstractTransferListenerAdapter - Downloading http://repo.maven.apache.org/maven2/org/apache/maven/maven-plugin-api/2.0.6/maven-plugin-api-2.0.6.pom
2017-03-22 09:40:18,614 [New I/O client worker #10-1] INFO  o.e.m.c.i.e.AbstractTransferListenerAdapter - Downloaded http://repo.maven.apache.org/maven2/org/apache/maven/maven-plugin-api/2.0.6/maven-plugin-api-2.0.6.pom
2017-03-22 09:40:18,927 [Worker-0] INFO  c.n.h.c.p.n.NettyAsyncHttpProvider - Number of application's worked threads is 8
2017-03-22 09:40:19,502 [New I/O client worker #11-1] INFO  o.e.m.c.i.e.AbstractTransferListenerAdapter - Downloading http://repo.maven.apache.org/maven2/org/apache/maven/maven/2.0.6/maven-2.0.6.pom
2017-03-22 09:40:19,852 [New I/O client worker #11-1] INFO  o.e.m.c.i.e.AbstractTransferListenerAdapter - Downloaded http://repo.maven.apache.org/maven2/org/apache/maven/maven/2.0.6/maven-2.0.6.pom
2017-03-22 09:40:20,184 [Worker-0] INFO  c.n.h.c.p.n.NettyAsyncHttpProvider - Number of application's worked threads is 8
2017-03-22 09:40:20,569 [New I/O client worker #12-1] INFO  o.e.m.c.i.e.AbstractTransferListenerAdapter - Downloading http://repo.maven.apache.org/maven2/org/apache/maven/maven-parent/5/maven-parent-5.pom
2017-03-22 09:40:20,753 [New I/O client worker #12-1] INFO  o.e.m.c.i.e.AbstractTransferListenerAdapter - Downloaded http://repo.maven.apache.org/maven2/org/apache/maven/maven-parent/5/maven-parent-5.pom
2017-03-22 09:40:21,022 [Worker-0] INFO  c.n.h.c.p.n.NettyAsyncHttpProvider - Number of application's worked threads is 8
2017-03-22 09:40:21,598 [New I/O client worker #13-1] INFO  o.e.m.c.i.e.AbstractTransferListenerAdapter - Downloading http://repo.maven.apache.org/maven2/org/apache/apache/3/apache-3.pom
2017-03-22 09:40:21,601 [New I/O client worker #13-1] INFO  o.e.m.c.i.e.AbstractTransferListenerAdapter - Downloaded http://repo.maven.apache.org/maven2/org/apache/apache/3/apache-3.pom
2017-03-22 09:40:21,922 [Worker-0] INFO  c.n.h.c.p.n.NettyAsyncHttpProvider - Number of application's worked threads is 8
2017-03-22 09:40:22,345 [New I/O client worker #14-1] INFO  o.e.m.c.i.e.AbstractTransferListenerAdapter - Downloading http://repo.maven.apache.org/maven2/org/apache/maven/maven-project/2.0.6/maven-project-2.0.6.pom
2017-03-22 09:40:22,348 [New I/O client worker #14-1] INFO  o.e.m.c.i.e.AbstractTransferListenerAdapter - Downloaded http://repo.maven.apache.org/maven2/org/apache/maven/maven-project/2.0.6/maven-project-2.0.6.pom
2017-03-22 09:40:22,608 [Worker-0] INFO  c.n.h.c.p.n.NettyAsyncHttpProvider - Number of application's worked threads is 8
2017-03-22 09:40:23,073 [New I/O client worker #15-1] INFO  o.e.m.c.i.e.AbstractTransferListenerAdapter - Downloading http://repo.maven.apache.org/maven2/org/apache/maven/maven-settings/2.0.6/maven-settings-2.0.6.pom
2017-03-22 09:40:23,075 [New I/O client worker #15-1] INFO  o.e.m.c.i.e.AbstractTransferListenerAdapter - Downloaded http://repo.maven.apache.org/maven2/org/apache/maven/maven-settings/2.0.6/maven-settings-2.0.6.pom
2017-03-22 09:40:23,369 [Worker-0] INFO  c.n.h.c.p.n.NettyAsyncHttpProvider - Number of application's worked threads is 8
2017-03-22 09:40:23,909 [New I/O client worker #16-1] INFO  o.e.m.c.i.e.AbstractTransferListenerAdapter - Downloading http://repo.maven.apache.org/maven2/org/apache/maven/maven-model/2.0.6/maven-model-2.0.6.pom
2017-03-22 09:40:23,913 [New I/O client worker #16-1] INFO  o.e.m.c.i.e.AbstractTransferListenerAdapter - Downloaded http://repo.maven.apache.org/maven2/org/apache/maven/maven-model/2.0.6/maven-model-2.0.6.pom
2017-03-22 09:40:24,238 [Worker-0] INFO  c.n.h.c.p.n.NettyAsyncHttpProvider - Number of application's worked threads is 8
2017-03-22 09:40:24,810 [New I/O client worker #17-1] INFO  o.e.m.c.i.e.AbstractTransferListenerAdapter - Downloading http://repo.maven.apache.org/maven2/org/codehaus/plexus/plexus-utils/1.4.1/plexus-utils-1.4.1.pom
2017-03-22 09:40:24,811 [New I/O client worker #17-1] INFO  o.e.m.c.i.e.AbstractTransferListenerAdapter - Downloaded http://repo.maven.apache.org/maven2/org/codehaus/plexus/plexus-utils/1.4.1/plexus-utils-1.4.1.pom
2017-03-22 09:40:25,161 [Worker-0] INFO  c.n.h.c.p.n.NettyAsyncHttpProvider - Number of application's worked threads is 8
2017-03-22 09:40:25,559 [New I/O client worker #18-1] INFO  o.e.m.c.i.e.AbstractTransferListenerAdapter - Downloading http://repo.maven.apache.org/maven2/org/codehaus/plexus/plexus/1.0.11/plexus-1.0.11.pom
2017-03-22 09:40:25,564 [New I/O client worker #18-1] INFO  o.e.m.c.i.e.AbstractTransferListenerAdapter - Downloaded http://repo.maven.apache.org/maven2/org/codehaus/plexus/plexus/1.0.11/plexus-1.0.11.pom
2017-03-22 09:40:25,815 [Worker-0] INFO  c.n.h.c.p.n.NettyAsyncHttpProvider - Number of application's worked threads is 8
2017-03-22 09:40:26,363 [New I/O client worker #19-1] INFO  o.e.m.c.i.e.AbstractTransferListenerAdapter - Downloading http://repo.maven.apache.org/maven2/org/codehaus/plexus/plexus-container-default/1.0-alpha-9-stable-1/plexus-container-default-1.0-alpha-9-stable-1.pom
2017-03-22 09:40:26,366 [New I/O client worker #19-1] INFO  o.e.m.c.i.e.AbstractTransferListenerAdapter - Downloaded http://repo.maven.apache.org/maven2/org/codehaus/plexus/plexus-container-default/1.0-alpha-9-stable-1/plexus-container-default-1.0-alpha-9-stable-1.pom
2017-03-22 09:40:26,680 [Worker-0] INFO  c.n.h.c.p.n.NettyAsyncHttpProvider - Number of application's worked threads is 8
2017-03-22 09:40:27,266 [New I/O client worker #20-1] INFO  o.e.m.c.i.e.AbstractTransferListenerAdapter - Downloading http://repo.maven.apache.org/maven2/org/codehaus/plexus/plexus-containers/1.0.3/plexus-containers-1.0.3.pom
2017-03-22 09:40:27,270 [New I/O client worker #20-1] INFO  o.e.m.c.i.e.AbstractTransferListenerAdapter - Downloaded http://repo.maven.apache.org/maven2/org/codehaus/plexus/plexus-containers/1.0.3/plexus-containers-1.0.3.pom
2017-03-22 09:40:27,612 [Worker-0] INFO  c.n.h.c.p.n.NettyAsyncHttpProvider - Number of application's worked threads is 8
2017-03-22 09:40:28,147 [New I/O client worker #21-1] INFO  o.e.m.c.i.e.AbstractTransferListenerAdapter - Downloading http://repo.maven.apache.org/maven2/org/codehaus/plexus/plexus/1.0.4/plexus-1.0.4.pom
2017-03-22 09:40:28,149 [New I/O client worker #21-1] INFO  o.e.m.c.i.e.AbstractTransferListenerAdapter - Downloaded http://repo.maven.apache.org/maven2/org/codehaus/plexus/plexus/1.0.4/plexus-1.0.4.pom
2017-03-22 09:40:28,444 [Worker-0] INFO  c.n.h.c.p.n.NettyAsyncHttpProvider - Number of application's worked threads is 8
2017-03-22 09:40:29,026 [New I/O client worker #22-1] INFO  o.e.m.c.i.e.AbstractTransferListenerAdapter - Downloading http://repo.maven.apache.org/maven2/junit/junit/3.8.1/junit-3.8.1.pom
2017-03-22 09:40:29,029 [New I/O client worker #22-1] INFO  o.e.m.c.i.e.AbstractTransferListenerAdapter - Downloaded http://repo.maven.apache.org/maven2/junit/junit/3.8.1/junit-3.8.1.pom
2017-03-22 09:40:29,373 [Worker-0] INFO  c.n.h.c.p.n.NettyAsyncHttpProvider - Number of application's worked threads is 8
2017-03-22 09:40:29,948 [New I/O client worker #23-1] INFO  o.e.m.c.i.e.AbstractTransferListenerAdapter - Downloading http://repo.maven.apache.org/maven2/org/codehaus/plexus/plexus-utils/1.0.4/plexus-utils-1.0.4.pom
2017-03-22 09:40:29,951 [New I/O client worker #23-1] INFO  o.e.m.c.i.e.AbstractTransferListenerAdapter - Downloaded http://repo.maven.apache.org/maven2/org/codehaus/plexus/plexus-utils/1.0.4/plexus-utils-1.0.4.pom
2017-03-22 09:40:30,252 [Worker-0] INFO  c.n.h.c.p.n.NettyAsyncHttpProvider - Number of application's worked threads is 8
2017-03-22 09:40:30,766 [New I/O client worker #24-1] INFO  o.e.m.c.i.e.AbstractTransferListenerAdapter - Downloading http://repo.maven.apache.org/maven2/classworlds/classworlds/1.1-alpha-2/classworlds-1.1-alpha-2.pom
2017-03-22 09:40:30,768 [New I/O client worker #24-1] INFO  o.e.m.c.i.e.AbstractTransferListenerAdapter - Downloaded http://repo.maven.apache.org/maven2/classworlds/classworlds/1.1-alpha-2/classworlds-1.1-alpha-2.pom
2017-03-22 09:40:31,068 [Worker-0] INFO  c.n.h.c.p.n.NettyAsyncHttpProvider - Number of application's worked threads is 8
2017-03-22 09:40:31,574 [New I/O client worker #25-1] INFO  o.e.m.c.i.e.AbstractTransferListenerAdapter - Downloading http://repo.maven.apache.org/maven2/org/apache/maven/maven-profile/2.0.6/maven-profile-2.0.6.pom
2017-03-22 09:40:31,577 [New I/O client worker #25-1] INFO  o.e.m.c.i.e.AbstractTransferListenerAdapter - Downloaded http://repo.maven.apache.org/maven2/org/apache/maven/maven-profile/2.0.6/maven-profile-2.0.6.pom
2017-03-22 09:40:31,910 [Worker-0] INFO  c.n.h.c.p.n.NettyAsyncHttpProvider - Number of application's worked threads is 8
2017-03-22 09:40:32,489 [New I/O client worker #26-1] INFO  o.e.m.c.i.e.AbstractTransferListenerAdapter - Downloading http://repo.maven.apache.org/maven2/org/apache/maven/maven-artifact-manager/2.0.6/maven-artifact-manager-2.0.6.pom
2017-03-22 09:40:32,491 [New I/O client worker #26-1] INFO  o.e.m.c.i.e.AbstractTransferListenerAdapter - Downloaded http://repo.maven.apache.org/maven2/org/apache/maven/maven-artifact-manager/2.0.6/maven-artifact-manager-2.0.6.pom
2017-03-22 09:40:32,824 [Worker-0] INFO  c.n.h.c.p.n.NettyAsyncHttpProvider - Number of application's worked threads is 8
2017-03-22 09:40:33,345 [New I/O client worker #27-1] INFO  o.e.m.c.i.e.AbstractTransferListenerAdapter - Downloading http://repo.maven.apache.org/maven2/org/apache/maven/maven-repository-metadata/2.0.6/maven-repository-metadata-2.0.6.pom
2017-03-22 09:40:33,347 [New I/O client worker #27-1] INFO  o.e.m.c.i.e.AbstractTransferListenerAdapter - Downloaded http://repo.maven.apache.org/maven2/org/apache/maven/maven-repository-metadata/2.0.6/maven-repository-metadata-2.0.6.pom
2017-03-22 09:40:33,688 [Worker-0] INFO  c.n.h.c.p.n.NettyAsyncHttpProvider - Number of application's worked threads is 8
2017-03-22 09:40:34,268 [New I/O client worker #28-1] INFO  o.e.m.c.i.e.AbstractTransferListenerAdapter - Downloading http://repo.maven.apache.org/maven2/org/apache/maven/maven-artifact/2.0.6/maven-artifact-2.0.6.pom
2017-03-22 09:40:34,270 [New I/O client worker #28-1] INFO  o.e.m.c.i.e.AbstractTransferListenerAdapter - Downloaded http://repo.maven.apache.org/maven2/org/apache/maven/maven-artifact/2.0.6/maven-artifact-2.0.6.pom
2017-03-22 09:40:34,615 [Worker-0] INFO  c.n.h.c.p.n.NettyAsyncHttpProvider - Number of application's worked threads is 8
2017-03-22 09:40:35,141 [New I/O client worker #29-1] INFO  o.e.m.c.i.e.AbstractTransferListenerAdapter - Downloading http://repo.maven.apache.org/maven2/org/apache/maven/maven-plugin-registry/2.0.6/maven-plugin-registry-2.0.6.pom
2017-03-22 09:40:35,143 [New I/O client worker #29-1] INFO  o.e.m.c.i.e.AbstractTransferListenerAdapter - Downloaded http://repo.maven.apache.org/maven2/org/apache/maven/maven-plugin-registry/2.0.6/maven-plugin-registry-2.0.6.pom
2017-03-22 09:40:35,446 [Worker-0] INFO  c.n.h.c.p.n.NettyAsyncHttpProvider - Number of application's worked threads is 8
2017-03-22 09:40:36,016 [New I/O client worker #30-1] INFO  o.e.m.c.i.e.AbstractTransferListenerAdapter - Downloading http://repo.maven.apache.org/maven2/org/codehaus/plexus/plexus-utils/2.0.5/plexus-utils-2.0.5.pom
2017-03-22 09:40:36,019 [New I/O client worker #30-1] INFO  o.e.m.c.i.e.AbstractTransferListenerAdapter - Downloaded http://repo.maven.apache.org/maven2/org/codehaus/plexus/plexus-utils/2.0.5/plexus-utils-2.0.5.pom
2017-03-22 09:40:36,371 [Worker-0] INFO  c.n.h.c.p.n.NettyAsyncHttpProvider - Number of application's worked threads is 8
2017-03-22 09:40:36,906 [New I/O client worker #31-1] INFO  o.e.m.c.i.e.AbstractTransferListenerAdapter - Downloading http://repo.maven.apache.org/maven2/org/codehaus/plexus/plexus/2.0.6/plexus-2.0.6.pom
2017-03-22 09:40:37,163 [New I/O client worker #31-1] INFO  o.e.m.c.i.e.AbstractTransferListenerAdapter - Downloaded http://repo.maven.apache.org/maven2/org/codehaus/plexus/plexus/2.0.6/plexus-2.0.6.pom
2017-03-22 09:40:37,484 [Worker-0] INFO  c.n.h.c.p.n.NettyAsyncHttpProvider - Number of application's worked threads is 8
2017-03-22 09:40:37,937 [New I/O client worker #32-1] INFO  o.e.m.c.i.e.AbstractTransferListenerAdapter - Downloading http://repo.maven.apache.org/maven2/org/codehaus/plexus/plexus-digest/1.0/plexus-digest-1.0.pom
2017-03-22 09:40:37,939 [New I/O client worker #32-1] INFO  o.e.m.c.i.e.AbstractTransferListenerAdapter - Downloaded http://repo.maven.apache.org/maven2/org/codehaus/plexus/plexus-digest/1.0/plexus-digest-1.0.pom
2017-03-22 09:40:38,202 [Worker-0] INFO  c.n.h.c.p.n.NettyAsyncHttpProvider - Number of application's worked threads is 8
2017-03-22 09:40:38,788 [New I/O client worker #33-1] INFO  o.e.m.c.i.e.AbstractTransferListenerAdapter - Downloading http://repo.maven.apache.org/maven2/org/codehaus/plexus/plexus-components/1.1.7/plexus-components-1.1.7.pom
2017-03-22 09:40:38,790 [New I/O client worker #33-1] INFO  o.e.m.c.i.e.AbstractTransferListenerAdapter - Downloaded http://repo.maven.apache.org/maven2/org/codehaus/plexus/plexus-components/1.1.7/plexus-components-1.1.7.pom
2017-03-22 09:40:39,154 [Worker-0] INFO  c.n.h.c.p.n.NettyAsyncHttpProvider - Number of application's worked threads is 8
2017-03-22 09:40:39,690 [New I/O client worker #34-1] INFO  o.e.m.c.i.e.AbstractTransferListenerAdapter - Downloading http://repo.maven.apache.org/maven2/org/codehaus/plexus/plexus/1.0.8/plexus-1.0.8.pom
2017-03-22 09:40:39,691 [New I/O client worker #34-1] INFO  o.e.m.c.i.e.AbstractTransferListenerAdapter - Downloaded http://repo.maven.apache.org/maven2/org/codehaus/plexus/plexus/1.0.8/plexus-1.0.8.pom
2017-03-22 09:40:39,999 [Worker-0] INFO  c.n.h.c.p.n.NettyAsyncHttpProvider - Number of application's worked threads is 8
2017-03-22 09:40:40,577 [New I/O client worker #35-1] INFO  o.e.m.c.i.e.AbstractTransferListenerAdapter - Downloading http://repo.maven.apache.org/maven2/org/codehaus/plexus/plexus-container-default/1.0-alpha-8/plexus-container-default-1.0-alpha-8.pom
2017-03-22 09:40:40,579 [New I/O client worker #35-1] INFO  o.e.m.c.i.e.AbstractTransferListenerAdapter - Downloaded http://repo.maven.apache.org/maven2/org/codehaus/plexus/plexus-container-default/1.0-alpha-8/plexus-container-default-1.0-alpha-8.pom
2017-03-22 09:40:40,970 [Worker-0] INFO  c.n.h.c.p.n.NettyAsyncHttpProvider - Number of application's worked threads is 8
2017-03-22 09:40:41,430 [New I/O client worker #36-4] INFO  o.e.m.c.i.e.AbstractTransferListenerAdapter - Downloading http://repo.maven.apache.org/maven2/org/codehaus/plexus/plexus-utils/2.0.5/plexus-utils-2.0.5.jar
2017-03-22 09:40:41,436 [New I/O client worker #36-5] INFO  o.e.m.c.i.e.AbstractTransferListenerAdapter - Downloading http://repo.maven.apache.org/maven2/junit/junit/3.8.1/junit-3.8.1.jar
2017-03-22 09:40:41,527 [New I/O client worker #36-3] INFO  o.e.m.c.i.e.AbstractTransferListenerAdapter - Downloading http://repo.maven.apache.org/maven2/org/codehaus/plexus/plexus-digest/1.0/plexus-digest-1.0.jar
2017-03-22 09:40:41,531 [New I/O client worker #36-3] INFO  o.e.m.c.i.e.AbstractTransferListenerAdapter - Downloaded http://repo.maven.apache.org/maven2/org/codehaus/plexus/plexus-digest/1.0/plexus-digest-1.0.jar
2017-03-22 09:40:41,589 [New I/O client worker #36-5] INFO  o.e.m.c.i.e.AbstractTransferListenerAdapter - Downloaded http://repo.maven.apache.org/maven2/junit/junit/3.8.1/junit-3.8.1.jar
2017-03-22 09:40:41,848 [New I/O client worker #36-4] INFO  o.e.m.c.i.e.AbstractTransferListenerAdapter - Downloaded http://repo.maven.apache.org/maven2/org/codehaus/plexus/plexus-utils/2.0.5/plexus-utils-2.0.5.jar
2017-03-22 09:40:43,354 [Worker-0] INFO  o.e.m.c.i.embedder.EclipseLogger - Installing D:\sf\eclipse\plugins\com.genuitec.eclipse.icefaces_11.0.1.me201308151823\data\1.8.0\ICEfaces\icefaces.jar to C:\Users\yddchsc\.m2\repository\org\icefaces\icefaces\1.8.0\icefaces-1.8.0.jar
2017-03-22 09:40:43,762 [Worker-0] INFO  o.e.m.c.i.embedder.EclipseLogger - Installing C:\Users\yddchsc\AppData\Local\Temp\mvninstall8410147037311048179.pom to C:\Users\yddchsc\.m2\repository\org\icefaces\icefaces\1.8.0\icefaces-1.8.0.pom
2017-03-22 09:40:43,782 [Worker-0] INFO  c.n.h.c.p.n.NettyAsyncHttpProvider - Number of application's worked threads is 8
2017-03-22 09:40:44,307 [New I/O client worker #37-1] INFO  o.e.m.c.i.e.AbstractTransferListenerAdapter - Downloaded http://repo.maven.apache.org/maven2/org/icefaces/icefaces/1.7.2/icefaces-1.7.2.jar
2017-03-22 09:40:44,372 [Worker-0] INFO  o.e.m.c.i.embedder.EclipseLogger - Installing D:\sf\eclipse\plugins\com.genuitec.eclipse.icefaces_11.0.1.me201308151823\data\1.7.2\ICEfaces\icefaces.jar to C:\Users\yddchsc\.m2\repository\org\icefaces\icefaces\1.7.2\icefaces-1.7.2.jar
2017-03-22 09:40:44,584 [Worker-0] INFO  o.e.m.c.i.embedder.EclipseLogger - Installing C:\Users\yddchsc\AppData\Local\Temp\mvninstall4955464559627778127.pom to C:\Users\yddchsc\.m2\repository\org\icefaces\icefaces\1.7.2\icefaces-1.7.2.pom
2017-03-22 09:40:44,618 [Worker-0] INFO  c.n.h.c.p.n.NettyAsyncHttpProvider - Number of application's worked threads is 8
2017-03-22 09:40:45,001 [New I/O client worker #38-1] INFO  o.e.m.c.i.e.AbstractTransferListenerAdapter - Downloaded http://repo.maven.apache.org/maven2/org/icefaces/icefaces/1.7.1/icefaces-1.7.1.jar
2017-03-22 09:40:45,034 [Worker-0] INFO  o.e.m.c.i.embedder.EclipseLogger - Installing D:\sf\eclipse\plugins\com.genuitec.eclipse.icefaces_11.0.1.me201308151823\data\1.7.1\ICEfaces\icefaces.jar to C:\Users\yddchsc\.m2\repository\org\icefaces\icefaces\1.7.1\icefaces-1.7.1.jar
2017-03-22 09:40:45,164 [Worker-0] INFO  o.e.m.c.i.embedder.EclipseLogger - Installing C:\Users\yddchsc\AppData\Local\Temp\mvninstall6646256276184804367.pom to C:\Users\yddchsc\.m2\repository\org\icefaces\icefaces\1.7.1\icefaces-1.7.1.pom
2017-03-22 09:40:45,193 [Worker-0] INFO  c.n.h.c.p.n.NettyAsyncHttpProvider - Number of application's worked threads is 8
2017-03-22 09:40:45,704 [New I/O client worker #39-1] INFO  o.e.m.c.i.e.AbstractTransferListenerAdapter - Downloaded http://repo.maven.apache.org/maven2/org/icefaces/icefaces/1.7.0/icefaces-1.7.0.jar
2017-03-22 09:40:45,740 [Worker-0] INFO  o.e.m.c.i.embedder.EclipseLogger - Installing D:\sf\eclipse\plugins\com.genuitec.eclipse.icefaces_11.0.1.me201308151823\data\1.7.0\ICEfaces\icefaces.jar to C:\Users\yddchsc\.m2\repository\org\icefaces\icefaces\1.7.0\icefaces-1.7.0.jar
2017-03-22 09:40:45,909 [Worker-0] INFO  o.e.m.c.i.embedder.EclipseLogger - Installing C:\Users\yddchsc\AppData\Local\Temp\mvninstall3903199787468762184.pom to C:\Users\yddchsc\.m2\repository\org\icefaces\icefaces\1.7.0\icefaces-1.7.0.pom
2017-03-22 09:40:45,938 [Worker-0] INFO  c.n.h.c.p.n.NettyAsyncHttpProvider - Number of application's worked threads is 8
2017-03-22 09:40:46,476 [New I/O client worker #40-1] INFO  o.e.m.c.i.e.AbstractTransferListenerAdapter - Downloaded http://repo.maven.apache.org/maven2/org/icefaces/icefaces/1.6.2/icefaces-1.6.2.jar
2017-03-22 09:40:46,514 [Worker-0] INFO  o.e.m.c.i.embedder.EclipseLogger - Installing D:\sf\eclipse\plugins\com.genuitec.eclipse.icefaces_11.0.1.me201308151823\data\1.6.2\ICEfaces\icefaces.jar to C:\Users\yddchsc\.m2\repository\org\icefaces\icefaces\1.6.2\icefaces-1.6.2.jar
2017-03-22 09:40:46,631 [Worker-0] INFO  o.e.m.c.i.embedder.EclipseLogger - Installing C:\Users\yddchsc\AppData\Local\Temp\mvninstall6303038193234599200.pom to C:\Users\yddchsc\.m2\repository\org\icefaces\icefaces\1.6.2\icefaces-1.6.2.pom
2017-03-22 09:40:46,659 [Worker-0] INFO  c.n.h.c.p.n.NettyAsyncHttpProvider - Number of application's worked threads is 8
2017-03-22 09:40:47,233 [New I/O client worker #41-1] INFO  o.e.m.c.i.e.AbstractTransferListenerAdapter - Downloaded http://repo.maven.apache.org/maven2/org/icefaces/icefaces/1.6.1/icefaces-1.6.1.jar
2017-03-22 09:40:47,301 [Worker-0] INFO  o.e.m.c.i.embedder.EclipseLogger - Installing D:\sf\eclipse\plugins\com.genuitec.eclipse.icefaces_11.0.1.me201308151823\data\1.6.1\ICEfaces\icefaces.jar to C:\Users\yddchsc\.m2\repository\org\icefaces\icefaces\1.6.1\icefaces-1.6.1.jar
2017-03-22 09:40:47,547 [Worker-0] INFO  o.e.m.c.i.embedder.EclipseLogger - Installing C:\Users\yddchsc\AppData\Local\Temp\mvninstall4623283291796584215.pom to C:\Users\yddchsc\.m2\repository\org\icefaces\icefaces\1.6.1\icefaces-1.6.1.pom
2017-03-22 09:40:47,577 [Worker-0] INFO  c.n.h.c.p.n.NettyAsyncHttpProvider - Number of application's worked threads is 8
2017-03-22 09:40:48,062 [New I/O client worker #42-1] INFO  o.e.m.c.i.e.AbstractTransferListenerAdapter - Downloaded http://repo.maven.apache.org/maven2/org/icepush/icepush/2.0.2/icepush-2.0.2.jar
2017-03-22 09:40:48,101 [Worker-0] INFO  o.e.m.c.i.embedder.EclipseLogger - Installing D:\sf\eclipse\plugins\com.genuitec.eclipse.icefaces_11.0.1.me201308151823\data\org.icepush\icepush\2.0\icepush.jar to C:\Users\yddchsc\.m2\repository\org\icepush\icepush\2.0.2\icepush-2.0.2.jar
2017-03-22 09:40:48,243 [Worker-0] INFO  o.e.m.c.i.embedder.EclipseLogger - Installing C:\Users\yddchsc\AppData\Local\Temp\mvninstall6840199668896439984.pom to C:\Users\yddchsc\.m2\repository\org\icepush\icepush\2.0.2\icepush-2.0.2.pom
2017-03-22 09:40:48,270 [Worker-0] INFO  c.n.h.c.p.n.NettyAsyncHttpProvider - Number of application's worked threads is 8
2017-03-22 09:40:48,852 [New I/O client worker #43-1] INFO  o.e.m.c.i.e.AbstractTransferListenerAdapter - Downloaded http://repo.maven.apache.org/maven2/org/icefaces/icefaces-comps/1.8.0/icefaces-comps-1.8.0.jar
2017-03-22 09:40:48,906 [Worker-0] INFO  o.e.m.c.i.embedder.EclipseLogger - Installing D:\sf\eclipse\plugins\com.genuitec.eclipse.icefaces_11.0.1.me201308151823\data\1.8.0\ICEfaces\icefaces-comps.jar to C:\Users\yddchsc\.m2\repository\org\icefaces\icefaces-comps\1.8.0\icefaces-comps-1.8.0.jar
2017-03-22 09:40:49,077 [Worker-0] INFO  o.e.m.c.i.embedder.EclipseLogger - Installing C:\Users\yddchsc\AppData\Local\Temp\mvninstall6210720476872826542.pom to C:\Users\yddchsc\.m2\repository\org\icefaces\icefaces-comps\1.8.0\icefaces-comps-1.8.0.pom
2017-03-22 09:40:49,104 [Worker-0] INFO  c.n.h.c.p.n.NettyAsyncHttpProvider - Number of application's worked threads is 8
2017-03-22 09:40:49,651 [New I/O client worker #44-1] INFO  o.e.m.c.i.e.AbstractTransferListenerAdapter - Downloaded http://repo.maven.apache.org/maven2/org/icefaces/icefaces-comps/1.7.2/icefaces-comps-1.7.2.jar
2017-03-22 09:40:49,684 [Worker-0] INFO  o.e.m.c.i.embedder.EclipseLogger - Installing D:\sf\eclipse\plugins\com.genuitec.eclipse.icefaces_11.0.1.me201308151823\data\1.7.2\ICEfaces\icefaces-comps.jar to C:\Users\yddchsc\.m2\repository\org\icefaces\icefaces-comps\1.7.2\icefaces-comps-1.7.2.jar
2017-03-22 09:40:49,821 [Worker-0] INFO  o.e.m.c.i.embedder.EclipseLogger - Installing C:\Users\yddchsc\AppData\Local\Temp\mvninstall6563601896570340392.pom to C:\Users\yddchsc\.m2\repository\org\icefaces\icefaces-comps\1.7.2\icefaces-comps-1.7.2.pom
2017-03-22 09:40:49,849 [Worker-0] INFO  c.n.h.c.p.n.NettyAsyncHttpProvider - Number of application's worked threads is 8
2017-03-22 09:40:50,424 [New I/O client worker #45-1] INFO  o.e.m.c.i.e.AbstractTransferListenerAdapter - Downloaded http://repo.maven.apache.org/maven2/org/icefaces/icefaces-comps/1.7.1/icefaces-comps-1.7.1.jar
2017-03-22 09:40:50,466 [Worker-0] INFO  o.e.m.c.i.embedder.EclipseLogger - Installing D:\sf\eclipse\plugins\com.genuitec.eclipse.icefaces_11.0.1.me201308151823\data\1.7.1\ICEfaces\icefaces-comps.jar to C:\Users\yddchsc\.m2\repository\org\icefaces\icefaces-comps\1.7.1\icefaces-comps-1.7.1.jar
2017-03-22 09:40:50,599 [Worker-0] INFO  o.e.m.c.i.embedder.EclipseLogger - Installing C:\Users\yddchsc\AppData\Local\Temp\mvninstall4659579933116689024.pom to C:\Users\yddchsc\.m2\repository\org\icefaces\icefaces-comps\1.7.1\icefaces-comps-1.7.1.pom
2017-03-22 09:40:50,626 [Worker-0] INFO  c.n.h.c.p.n.NettyAsyncHttpProvider - Number of application's worked threads is 8
2017-03-22 09:40:51,153 [New I/O client worker #46-1] INFO  o.e.m.c.i.e.AbstractTransferListenerAdapter - Downloaded http://repo.maven.apache.org/maven2/org/icefaces/icefaces-comps/1.7.0/icefaces-comps-1.7.0.jar
2017-03-22 09:40:51,188 [Worker-0] INFO  o.e.m.c.i.embedder.EclipseLogger - Installing D:\sf\eclipse\plugins\com.genuitec.eclipse.icefaces_11.0.1.me201308151823\data\1.7.0\ICEfaces\icefaces-comps.jar to C:\Users\yddchsc\.m2\repository\org\icefaces\icefaces-comps\1.7.0\icefaces-comps-1.7.0.jar
2017-03-22 09:40:51,391 [Worker-0] INFO  o.e.m.c.i.embedder.EclipseLogger - Installing C:\Users\yddchsc\AppData\Local\Temp\mvninstall2448436410395786570.pom to C:\Users\yddchsc\.m2\repository\org\icefaces\icefaces-comps\1.7.0\icefaces-comps-1.7.0.pom
2017-03-22 09:40:51,419 [Worker-0] INFO  c.n.h.c.p.n.NettyAsyncHttpProvider - Number of application's worked threads is 8
2017-03-22 09:40:51,992 [New I/O client worker #47-1] INFO  o.e.m.c.i.e.AbstractTransferListenerAdapter - Downloaded http://repo.maven.apache.org/maven2/org/icefaces/icefaces-comps/1.6.2/icefaces-comps-1.6.2.jar
2017-03-22 09:40:52,027 [Worker-0] INFO  o.e.m.c.i.embedder.EclipseLogger - Installing D:\sf\eclipse\plugins\com.genuitec.eclipse.icefaces_11.0.1.me201308151823\data\1.6.2\ICEfaces\icefaces-comps.jar to C:\Users\yddchsc\.m2\repository\org\icefaces\icefaces-comps\1.6.2\icefaces-comps-1.6.2.jar
2017-03-22 09:40:52,222 [Worker-0] INFO  o.e.m.c.i.embedder.EclipseLogger - Installing C:\Users\yddchsc\AppData\Local\Temp\mvninstall7071377189816262665.pom to C:\Users\yddchsc\.m2\repository\org\icefaces\icefaces-comps\1.6.2\icefaces-comps-1.6.2.pom
2017-03-22 09:40:52,249 [Worker-0] INFO  c.n.h.c.p.n.NettyAsyncHttpProvider - Number of application's worked threads is 8
2017-03-22 09:40:52,807 [main] INFO  org.eclipse.jetty.server.Server - jetty-8.1.10.v20130312
2017-03-22 09:40:52,818 [New I/O client worker #48-1] INFO  o.e.m.c.i.e.AbstractTransferListenerAdapter - Downloaded http://repo.maven.apache.org/maven2/org/icefaces/icefaces-comps/1.6.1/icefaces-comps-1.6.1.jar
2017-03-22 09:40:52,843 [Worker-0] INFO  o.e.m.c.i.embedder.EclipseLogger - Installing D:\sf\eclipse\plugins\com.genuitec.eclipse.icefaces_11.0.1.me201308151823\data\1.6.1\ICEfaces\icefaces-comps.jar to C:\Users\yddchsc\.m2\repository\org\icefaces\icefaces-comps\1.6.1\icefaces-comps-1.6.1.jar
2017-03-22 09:40:52,879 [main] INFO  o.e.jetty.server.AbstractConnector - Started SelectChannelConnector@0.0.0.0:27413
2017-03-22 09:40:52,919 [Worker-0] INFO  o.e.m.c.i.embedder.EclipseLogger - Installing C:\Users\yddchsc\AppData\Local\Temp\mvninstall7619936099304520503.pom to C:\Users\yddchsc\.m2\repository\org\icefaces\icefaces-comps\1.6.1\icefaces-comps-1.6.1.pom
2017-03-22 09:40:52,931 [Worker-0] INFO  c.n.h.c.p.n.NettyAsyncHttpProvider - Number of application's worked threads is 8
2017-03-22 09:40:53,483 [New I/O client worker #49-1] INFO  o.e.m.c.i.e.AbstractTransferListenerAdapter - Downloaded http://repo.maven.apache.org/maven2/org/icefaces/icefaces-facelets/1.8.0/icefaces-facelets-1.8.0.jar
2017-03-22 09:40:53,523 [Worker-0] INFO  o.e.m.c.i.embedder.EclipseLogger - Installing D:\sf\eclipse\plugins\com.genuitec.eclipse.icefaces_11.0.1.me201308151823\data\1.8.0\ICEfaces-Facelets\icefaces-facelets.jar to C:\Users\yddchsc\.m2\repository\org\icefaces\icefaces-facelets\1.8.0\icefaces-facelets-1.8.0.jar
2017-03-22 09:40:53,789 [Worker-0] INFO  o.e.m.c.i.embedder.EclipseLogger - Installing C:\Users\yddchsc\AppData\Local\Temp\mvninstall5920459417699062010.pom to C:\Users\yddchsc\.m2\repository\org\icefaces\icefaces-facelets\1.8.0\icefaces-facelets-1.8.0.pom
2017-03-22 09:40:53,818 [Worker-0] INFO  c.n.h.c.p.n.NettyAsyncHttpProvider - Number of application's worked threads is 8
2017-03-22 09:40:54,200 [New I/O client worker #50-1] INFO  o.e.m.c.i.e.AbstractTransferListenerAdapter - Downloaded http://repo.maven.apache.org/maven2/org/icefaces/icefaces-facelets/1.7.2/icefaces-facelets-1.7.2.jar
2017-03-22 09:40:54,237 [Worker-0] INFO  o.e.m.c.i.embedder.EclipseLogger - Installing D:\sf\eclipse\plugins\com.genuitec.eclipse.icefaces_11.0.1.me201308151823\data\1.7.2\ICEfaces-Facelets\icefaces-facelets.jar to C:\Users\yddchsc\.m2\repository\org\icefaces\icefaces-facelets\1.7.2\icefaces-facelets-1.7.2.jar
2017-03-22 09:40:54,454 [Worker-0] INFO  o.e.m.c.i.embedder.EclipseLogger - Installing C:\Users\yddchsc\AppData\Local\Temp\mvninstall6866908793284300742.pom to C:\Users\yddchsc\.m2\repository\org\icefaces\icefaces-facelets\1.7.2\icefaces-facelets-1.7.2.pom
2017-03-22 09:40:54,480 [Worker-0] INFO  c.n.h.c.p.n.NettyAsyncHttpProvider - Number of application's worked threads is 8
2017-03-22 09:40:55,056 [New I/O client worker #51-1] INFO  o.e.m.c.i.e.AbstractTransferListenerAdapter - Downloaded http://repo.maven.apache.org/maven2/org/icefaces/icefaces-facelets/1.7.1/icefaces-facelets-1.7.1.jar
2017-03-22 09:40:55,096 [Worker-0] INFO  o.e.m.c.i.embedder.EclipseLogger - Installing D:\sf\eclipse\plugins\com.genuitec.eclipse.icefaces_11.0.1.me201308151823\data\1.7.0\ICEfaces-Facelets\icefaces-facelets.jar to C:\Users\yddchsc\.m2\repository\org\icefaces\icefaces-facelets\1.7.1\icefaces-facelets-1.7.1.jar
2017-03-22 09:40:55,355 [Worker-0] INFO  o.e.m.c.i.embedder.EclipseLogger - Installing C:\Users\yddchsc\AppData\Local\Temp\mvninstall3786439643759644019.pom to C:\Users\yddchsc\.m2\repository\org\icefaces\icefaces-facelets\1.7.1\icefaces-facelets-1.7.1.pom
2017-03-22 09:40:55,379 [Worker-0] INFO  c.n.h.c.p.n.NettyAsyncHttpProvider - Number of application's worked threads is 8
2017-03-22 09:40:58,904 [New I/O client worker #52-1] INFO  o.e.m.c.i.e.AbstractTransferListenerAdapter - Downloaded http://repo.maven.apache.org/maven2/org/icefaces/icefaces-facelets/1.7.0/icefaces-facelets-1.7.0.jar
2017-03-22 09:40:58,905 [Worker-0] INFO  o.e.m.c.i.embedder.EclipseLogger - Installing D:\sf\eclipse\plugins\com.genuitec.eclipse.icefaces_11.0.1.me201308151823\data\1.7.0\ICEfaces-Facelets\icefaces-facelets.jar to C:\Users\yddchsc\.m2\repository\org\icefaces\icefaces-facelets\1.7.0\icefaces-facelets-1.7.0.jar
2017-03-22 09:40:59,280 [Worker-0] INFO  o.e.m.c.i.embedder.EclipseLogger - Installing C:\Users\yddchsc\AppData\Local\Temp\mvninstall6615759364775059578.pom to C:\Users\yddchsc\.m2\repository\org\icefaces\icefaces-facelets\1.7.0\icefaces-facelets-1.7.0.pom
2017-03-22 09:40:59,309 [Worker-0] INFO  c.n.h.c.p.n.NettyAsyncHttpProvider - Number of application's worked threads is 8
2017-03-22 09:41:02,881 [New I/O client worker #53-1] INFO  o.e.m.c.i.e.AbstractTransferListenerAdapter - Downloaded http://repo.maven.apache.org/maven2/org/icefaces/icefaces-facelets/1.6.2/icefaces-facelets-1.6.2.jar
2017-03-22 09:41:02,895 [Worker-0] INFO  o.e.m.c.i.embedder.EclipseLogger - Installing D:\sf\eclipse\plugins\com.genuitec.eclipse.icefaces_11.0.1.me201308151823\data\1.6.2\ICEfaces-Facelets\icefaces-facelets.jar to C:\Users\yddchsc\.m2\repository\org\icefaces\icefaces-facelets\1.6.2\icefaces-facelets-1.6.2.jar
2017-03-22 09:41:03,054 [Worker-0] INFO  o.e.m.c.i.embedder.EclipseLogger - Installing C:\Users\yddchsc\AppData\Local\Temp\mvninstall3187601284298269314.pom to C:\Users\yddchsc\.m2\repository\org\icefaces\icefaces-facelets\1.6.2\icefaces-facelets-1.6.2.pom
2017-03-22 09:41:03,082 [Worker-0] INFO  c.n.h.c.p.n.NettyAsyncHttpProvider - Number of application's worked threads is 8
2017-03-22 09:41:03,652 [New I/O client worker #54-1] INFO  o.e.m.c.i.e.AbstractTransferListenerAdapter - Downloaded http://repo.maven.apache.org/maven2/org/icefaces/icefaces-facelets/1.6.1/icefaces-facelets-1.6.1.jar
2017-03-22 09:41:03,686 [Worker-0] INFO  o.e.m.c.i.embedder.EclipseLogger - Installing D:\sf\eclipse\plugins\com.genuitec.eclipse.icefaces_11.0.1.me201308151823\data\1.6.1\ICEfaces-Facelets\icefaces-facelets.jar to C:\Users\yddchsc\.m2\repository\org\icefaces\icefaces-facelets\1.6.1\icefaces-facelets-1.6.1.jar
2017-03-22 09:41:03,788 [Worker-0] INFO  o.e.m.c.i.embedder.EclipseLogger - Installing C:\Users\yddchsc\AppData\Local\Temp\mvninstall8862888775962755069.pom to C:\Users\yddchsc\.m2\repository\org\icefaces\icefaces-facelets\1.6.1\icefaces-facelets-1.6.1.pom
2017-03-22 09:41:03,812 [Worker-0] INFO  c.n.h.c.p.n.NettyAsyncHttpProvider - Number of application's worked threads is 8
2017-03-22 09:41:04,396 [New I/O client worker #55-1] INFO  o.e.m.c.i.e.AbstractTransferListenerAdapter - Downloaded http://repo.maven.apache.org/maven2/net/sourceforge/jexcelapi/jxl/2.6.8/jxl-2.6.8.jar
2017-03-22 09:41:04,443 [Worker-0] INFO  o.e.m.c.i.embedder.EclipseLogger - Installing D:\sf\eclipse\plugins\com.genuitec.eclipse.icefaces_11.0.1.me201308151823\data\net.sourceforge.jexcelapi\jxl\2.6.8\jxl.jar to C:\Users\yddchsc\.m2\repository\net\sourceforge\jexcelapi\jxl\2.6.8\jxl-2.6.8.jar
2017-03-22 09:41:04,687 [Worker-0] INFO  o.e.m.c.i.embedder.EclipseLogger - Installing C:\Users\yddchsc\AppData\Local\Temp\mvninstall2150383906496212421.pom to C:\Users\yddchsc\.m2\repository\net\sourceforge\jexcelapi\jxl\2.6.8\jxl-2.6.8.pom
2017-03-22 09:41:04,710 [Worker-0] INFO  c.n.h.c.p.n.NettyAsyncHttpProvider - Number of application's worked threads is 8
2017-03-22 09:41:05,099 [New I/O client worker #56-1] INFO  o.e.m.c.i.e.AbstractTransferListenerAdapter - Downloaded http://repo.maven.apache.org/maven2/org/icefaces/icefaces-mobi/1.3.0/icefaces-mobi-1.3.0.jar
2017-03-22 09:41:05,168 [Worker-0] INFO  o.e.m.c.i.embedder.EclipseLogger - Installing D:\sf\eclipse\plugins\com.genuitec.eclipse.icefaces_11.0.1.me201308151823\data\org.icefaces\icefaces-mobi\1.3\icefaces-mobi.jar to C:\Users\yddchsc\.m2\repository\org\icefaces\icefaces-mobi\1.3.0\icefaces-mobi-1.3.0.jar
2017-03-22 09:41:05,499 [Worker-0] INFO  o.e.m.c.i.embedder.EclipseLogger - Installing C:\Users\yddchsc\AppData\Local\Temp\mvninstall7136881552967848746.pom to C:\Users\yddchsc\.m2\repository\org\icefaces\icefaces-mobi\1.3.0\icefaces-mobi-1.3.0.pom
2017-03-22 09:41:05,526 [Worker-0] INFO  c.n.h.c.p.n.NettyAsyncHttpProvider - Number of application's worked threads is 8
2017-03-22 09:41:06,234 [New I/O client worker #57-1] INFO  o.e.m.c.i.e.AbstractTransferListenerAdapter - Downloaded http://repo.maven.apache.org/maven2/org/icepush/icepush/3.0.0/icepush-3.0.0.jar
2017-03-22 09:41:06,281 [Worker-0] INFO  o.e.m.c.i.embedder.EclipseLogger - Installing D:\sf\eclipse\plugins\com.genuitec.eclipse.icefaces_11.0.1.me201308151823\data\org.icepush\icepush\3.0\icepush.jar to C:\Users\yddchsc\.m2\repository\org\icepush\icepush\3.0.0\icepush-3.0.0.jar
2017-03-22 09:41:06,387 [Worker-0] INFO  o.e.m.c.i.embedder.EclipseLogger - Installing C:\Users\yddchsc\AppData\Local\Temp\mvninstall8545929194768170492.pom to C:\Users\yddchsc\.m2\repository\org\icepush\icepush\3.0.0\icepush-3.0.0.pom
2017-03-22 09:41:06,410 [Worker-0] INFO  c.n.h.c.p.n.NettyAsyncHttpProvider - Number of application's worked threads is 8
2017-03-22 09:41:06,993 [New I/O client worker #58-1] INFO  o.e.m.c.i.e.AbstractTransferListenerAdapter - Downloaded http://repo.maven.apache.org/maven2/javax/activation/activation/1.0.2/activation-1.0.2.jar
2017-03-22 09:41:07,025 [Worker-0] INFO  o.e.m.c.i.embedder.EclipseLogger - Installing D:\sf\eclipse\plugins\com.genuitec.eclipse.j2eedt.core_11.5.0.me201311281640\data\libraryset\1.4\activation.jar to C:\Users\yddchsc\.m2\repository\javax\activation\activation\1.0.2\activation-1.0.2.jar
2017-03-22 09:41:07,399 [Worker-0] INFO  o.e.m.c.i.embedder.EclipseLogger - Installing C:\Users\yddchsc\AppData\Local\Temp\mvninstall2208431706601889804.pom to C:\Users\yddchsc\.m2\repository\javax\activation\activation\1.0.2\activation-1.0.2.pom
2017-03-22 09:41:07,444 [Worker-0] INFO  c.n.h.c.p.n.NettyAsyncHttpProvider - Number of application's worked threads is 8
2017-03-22 09:41:07,926 [New I/O client worker #59-1] INFO  o.e.m.c.i.e.AbstractTransferListenerAdapter - Downloaded http://repo.maven.apache.org/maven2/javax/mail/mail/1.3.1/mail-1.3.1.jar
2017-03-22 09:41:07,996 [Worker-0] INFO  o.e.m.c.i.embedder.EclipseLogger - Installing D:\sf\eclipse\plugins\com.genuitec.eclipse.j2eedt.core_11.5.0.me201311281640\data\libraryset\1.4\mail.jar to C:\Users\yddchsc\.m2\repository\javax\mail\mail\1.3.1\mail-1.3.1.jar
2017-03-22 09:41:08,199 [Worker-0] INFO  o.e.m.c.i.embedder.EclipseLogger - Installing C:\Users\yddchsc\AppData\Local\Temp\mvninstall2004554992523693091.pom to C:\Users\yddchsc\.m2\repository\javax\mail\mail\1.3.1\mail-1.3.1.pom
2017-03-22 09:41:08,223 [Worker-0] INFO  c.n.h.c.p.n.NettyAsyncHttpProvider - Number of application's worked threads is 8
2017-03-22 09:41:08,726 [New I/O client worker #60-1] INFO  o.e.m.c.i.e.AbstractTransferListenerAdapter - Downloaded http://repo.maven.apache.org/maven2/javax/xml/namespace/1.0.1/namespace-1.0.1.jar
2017-03-22 09:41:08,767 [Worker-0] INFO  o.e.m.c.i.embedder.EclipseLogger - Installing D:\sf\eclipse\plugins\com.genuitec.eclipse.j2eedt.core_11.5.0.me201311281640\data\libraryset\1.4\namespace.jar to C:\Users\yddchsc\.m2\repository\javax\xml\namespace\1.0.1\namespace-1.0.1.jar
2017-03-22 09:41:08,921 [Worker-0] INFO  o.e.m.c.i.embedder.EclipseLogger - Installing C:\Users\yddchsc\AppData\Local\Temp\mvninstall400337341839063595.pom to C:\Users\yddchsc\.m2\repository\javax\xml\namespace\1.0.1\namespace-1.0.1.pom
2017-03-22 09:41:08,944 [Worker-0] INFO  c.n.h.c.p.n.NettyAsyncHttpProvider - Number of application's worked threads is 8
2017-03-22 09:41:09,462 [New I/O client worker #61-1] INFO  o.e.m.c.i.e.AbstractTransferListenerAdapter - Downloaded http://repo.maven.apache.org/maven2/javax/sql/jdbc-stdext/2.0/jdbc-stdext-2.0.jar
2017-03-22 09:41:09,496 [Worker-0] INFO  o.e.m.c.i.embedder.EclipseLogger - Installing D:\sf\eclipse\plugins\com.genuitec.eclipse.j2eedt.core_11.5.0.me201311281640\data\libraryset\JSTL1.0\lib\jdbc2_0-stdext.jar to C:\Users\yddchsc\.m2\repository\javax\sql\jdbc-stdext\2.0\jdbc-stdext-2.0.jar
2017-03-22 09:41:09,610 [Worker-0] INFO  o.e.m.c.i.embedder.EclipseLogger - Installing C:\Users\yddchsc\AppData\Local\Temp\mvninstall2470574585212603630.pom to C:\Users\yddchsc\.m2\repository\javax\sql\jdbc-stdext\2.0\jdbc-stdext-2.0.pom
2017-03-22 09:41:09,634 [Worker-0] INFO  c.n.h.c.p.n.NettyAsyncHttpProvider - Number of application's worked threads is 8
2017-03-22 09:41:13,204 [New I/O client worker #62-1] INFO  o.e.m.c.i.e.AbstractTransferListenerAdapter - Downloaded http://repo.maven.apache.org/maven2/javax/jts/jts/1.0/jts-1.0.jar
2017-03-22 09:41:13,255 [Worker-0] INFO  o.e.m.c.i.embedder.EclipseLogger - Installing D:\sf\eclipse\plugins\com.genuitec.eclipse.j2eedt.core_11.5.0.me201311281640\data\libraryset\1.3\jts.jar to C:\Users\yddchsc\.m2\repository\javax\jts\jts\1.0\jts-1.0.jar
2017-03-22 09:41:13,530 [Worker-0] INFO  o.e.m.c.i.embedder.EclipseLogger - Installing C:\Users\yddchsc\AppData\Local\Temp\mvninstall7066365864666884983.pom to C:\Users\yddchsc\.m2\repository\javax\jts\jts\1.0\jts-1.0.pom
2017-03-22 09:41:13,554 [Worker-0] INFO  c.n.h.c.p.n.NettyAsyncHttpProvider - Number of application's worked threads is 8
2017-03-22 09:41:14,103 [New I/O client worker #63-1] INFO  o.e.m.c.i.e.AbstractTransferListenerAdapter - Downloaded http://repo.maven.apache.org/maven2/el-api/el-api/1.0/el-api-1.0.jar
2017-03-22 09:41:14,160 [Worker-0] INFO  o.e.m.c.i.embedder.EclipseLogger - Installing D:\sf\eclipse\configuration\org.eclipse.osgi\bundles\99\1\.cp\data\facelets\lib\el-api.jar to C:\Users\yddchsc\.m2\repository\el-api\el-api\1.0\el-api-1.0.jar
2017-03-22 09:41:14,399 [Worker-0] INFO  o.e.m.c.i.embedder.EclipseLogger - Installing C:\Users\yddchsc\AppData\Local\Temp\mvninstall5516024746951262510.pom to C:\Users\yddchsc\.m2\repository\el-api\el-api\1.0\el-api-1.0.pom
2017-03-22 09:41:14,414 [Worker-0] INFO  c.n.h.c.p.n.NettyAsyncHttpProvider - Number of application's worked threads is 8
2017-03-22 09:41:14,791 [New I/O client worker #64-1] INFO  o.e.m.c.i.e.AbstractTransferListenerAdapter - Downloaded http://repo.maven.apache.org/maven2/el-ri/el-ri/1.0/el-ri-1.0.jar
2017-03-22 09:41:14,970 [Worker-0] INFO  o.e.m.c.i.embedder.EclipseLogger - Installing D:\sf\eclipse\configuration\org.eclipse.osgi\bundles\99\1\.cp\data\facelets\lib\el-ri.jar to C:\Users\yddchsc\.m2\repository\el-ri\el-ri\1.0\el-ri-1.0.jar
2017-03-22 09:41:15,337 [Worker-0] INFO  o.e.m.c.i.embedder.EclipseLogger - Installing C:\Users\yddchsc\AppData\Local\Temp\mvninstall6845032085711514816.pom to C:\Users\yddchsc\.m2\repository\el-ri\el-ri\1.0\el-ri-1.0.pom
2017-03-22 09:41:15,346 [Worker-0] INFO  c.n.h.c.p.n.NettyAsyncHttpProvider - Number of application's worked threads is 8
2017-03-22 09:41:16,240 [main] INFO  o.e.j.server.handler.ContextHandler - stopped o.e.j.s.ServletContextHandler{/wse,null}
2017-03-22 09:41:16,522 [New I/O client worker #65-1] INFO  o.e.m.c.i.e.AbstractTransferListenerAdapter - Downloaded http://repo.maven.apache.org/maven2/javax/faces/jsf-api/2.0.3/jsf-api-2.0.3.jar
2017-03-22 09:41:19,786 [Worker-4] ERROR o.e.m.c.i.i.nexus.NexusIndexManager - Unable to update index for central|http://repo.maven.apache.org/maven2
java.io.IOException: null
	at org.eclipse.m2e.core.internal.index.nexus.AsyncFetcher$PipedErrorInputStream.checkError(AsyncFetcher.java:251) ~[org.eclipse.m2e.core_1.4.0.me201310171809.jar:na]
	at org.eclipse.m2e.core.internal.index.nexus.AsyncFetcher$PipedErrorInputStream.read(AsyncFetcher.java:259) ~[org.eclipse.m2e.core_1.4.0.me201310171809.jar:na]
	at java.io.PipedInputStream.read(PipedInputStream.java:378) ~[na:1.7.0_45]
	at java.io.InputStream.read(InputStream.java:101) ~[na:1.7.0_45]
	at org.codehaus.plexus.util.IOUtil.copy(IOUtil.java:188) ~[plexus-utils-2.0.6.jar:na]
	at org.codehaus.plexus.util.IOUtil.copy(IOUtil.java:174) ~[plexus-utils-2.0.6.jar:na]
	at org.codehaus.plexus.util.FileUtils.copyStreamToFile(FileUtils.java:1143) ~[plexus-utils-2.0.6.jar:na]
	at org.apache.maven.index.updater.DefaultIndexUpdater$LocalCacheIndexAdaptor.setIndexFile(DefaultIndexUpdater.java:700) ~[indexer-core-3.1.0.jar:3.1.0]
	at org.apache.maven.index.updater.DefaultIndexUpdater.fetchAndUpdateIndex(DefaultIndexUpdater.java:844) ~[indexer-core-3.1.0.jar:3.1.0]
	at org.apache.maven.index.updater.DefaultIndexUpdater.fetchAndUpdateIndex(DefaultIndexUpdater.java:135) ~[indexer-core-3.1.0.jar:3.1.0]
	at org.eclipse.m2e.core.internal.index.nexus.NexusIndexManager.updateRemoteIndex(NexusIndexManager.java:1237) [org.eclipse.m2e.core_1.4.0.me201310171809.jar:na]
	at org.eclipse.m2e.core.internal.index.nexus.NexusIndexManager.updateIndex(NexusIndexManager.java:1192) [org.eclipse.m2e.core_1.4.0.me201310171809.jar:na]
	at org.eclipse.m2e.core.internal.index.nexus.NexusIndexManager$1.run(NexusIndexManager.java:707) [org.eclipse.m2e.core_1.4.0.me201310171809.jar:na]
	at org.eclipse.m2e.core.internal.index.nexus.IndexUpdaterJob.run(IndexUpdaterJob.java:72) [org.eclipse.m2e.core_1.4.0.me201310171809.jar:na]
	at org.eclipse.core.internal.jobs.Worker.run(Worker.java:53) [org.eclipse.core.jobs_3.5.300.v20130429-1813.jar:na]
java.util.concurrent.CancellationException: null
	at com.ning.http.client.providers.netty.NettyResponseFuture.cancel(NettyResponseFuture.java:154) ~[na:na]
	at org.eclipse.m2e.core.internal.index.nexus.AsyncFetcher.cancel(AsyncFetcher.java:92) ~[na:na]
	at org.eclipse.m2e.core.internal.index.nexus.AsyncFetcher$MonitorListener.checkCancelled(AsyncFetcher.java:274) ~[na:na]
	at org.eclipse.m2e.core.internal.index.nexus.AsyncFetcher$MonitorListener.onStatus(AsyncFetcher.java:279) ~[na:na]
	at com.ning.http.client.SimpleAsyncHttpClient$BodyConsumerAsyncHandler.fireStatus(SimpleAsyncHttpClient.java:828) ~[na:na]
	at com.ning.http.client.SimpleAsyncHttpClient$BodyConsumerAsyncHandler.onStatusReceived(SimpleAsyncHttpClient.java:779) ~[na:na]
	at com.ning.http.client.providers.netty.NettyAsyncHttpProvider.updateStatusAndInterrupt(NettyAsyncHttpProvider.java:1587) ~[na:na]
	at com.ning.http.client.providers.netty.NettyAsyncHttpProvider.messageReceived(NettyAsyncHttpProvider.java:1242) ~[na:na]
	at org.jboss.netty.channel.SimpleChannelUpstreamHandler.handleUpstream(SimpleChannelUpstreamHandler.java:80) ~[na:na]
	at org.jboss.netty.channel.DefaultChannelPipeline.sendUpstream(DefaultChannelPipeline.java:564) ~[na:na]
	at org.jboss.netty.channel.DefaultChannelPipeline$DefaultChannelHandlerContext.sendUpstream(DefaultChannelPipeline.java:783) ~[na:na]
	at org.jboss.netty.handler.stream.ChunkedWriteHandler.handleUpstream(ChunkedWriteHandler.java:149) ~[na:na]
	at org.jboss.netty.channel.DefaultChannelPipeline.sendUpstream(DefaultChannelPipeline.java:564) ~[na:na]
	at org.jboss.netty.channel.DefaultChannelPipeline$DefaultChannelHandlerContext.sendUpstream(DefaultChannelPipeline.java:783) ~[na:na]
	at org.jboss.netty.handler.codec.http.HttpContentDecoder.messageReceived(HttpContentDecoder.java:104) ~[na:na]
	at org.jboss.netty.channel.SimpleChannelUpstreamHandler.handleUpstream(SimpleChannelUpstreamHandler.java:80) ~[na:na]
	at org.jboss.netty.channel.DefaultChannelPipeline.sendUpstream(DefaultChannelPipeline.java:564) ~[na:na]
	at org.jboss.netty.channel.DefaultChannelPipeline$DefaultChannelHandlerContext.sendUpstream(DefaultChannelPipeline.java:783) ~[na:na]
	at org.jboss.netty.channel.Channels.fireMessageReceived(Channels.java:302) ~[na:na]
	at org.jboss.netty.handler.codec.replay.ReplayingDecoder.unfoldAndFireMessageReceived(ReplayingDecoder.java:522) ~[na:na]
	at org.jboss.netty.handler.codec.replay.ReplayingDecoder.callDecode(ReplayingDecoder.java:506) ~[na:na]
	at org.jboss.netty.handler.codec.replay.ReplayingDecoder.messageReceived(ReplayingDecoder.java:443) ~[na:na]
	at org.jboss.netty.channel.SimpleChannelUpstreamHandler.handleUpstream(SimpleChannelUpstreamHandler.java:80) ~[na:na]
	at org.jboss.netty.handler.codec.http.HttpClientCodec.handleUpstream(HttpClientCodec.java:77) ~[na:na]
	at org.jboss.netty.channel.DefaultChannelPipeline.sendUpstream(DefaultChannelPipeline.java:564) ~[na:na]
	at org.jboss.netty.channel.DefaultChannelPipeline.sendUpstream(DefaultChannelPipeline.java:559) ~[na:na]
	at org.jboss.netty.channel.Channels.fireMessageReceived(Channels.java:274) ~[na:na]
	at org.jboss.netty.channel.Channels.fireMessageReceived(Channels.java:261) ~[na:na]
	at org.jboss.netty.channel.socket.nio.NioWorker.read(NioWorker.java:349) ~[na:na]
	at org.jboss.netty.channel.socket.nio.NioWorker.processSelectedKeys(NioWorker.java:280) ~[na:na]
	at org.jboss.netty.channel.socket.nio.NioWorker.run(NioWorker.java:200) ~[na:na]
	at org.jboss.netty.util.ThreadRenamingRunnable.run(ThreadRenamingRunnable.java:108) ~[na:na]
	at org.jboss.netty.util.internal.DeadLockProofWorker$1.run(DeadLockProofWorker.java:44) ~[na:na]
	at java.util.concurrent.ThreadPoolExecutor.runWorker(ThreadPoolExecutor.java:1145) ~[na:1.7.0_45]
	at java.util.concurrent.ThreadPoolExecutor$Worker.run(ThreadPoolExecutor.java:615) ~[na:1.7.0_45]
	at java.lang.Thread.run(Thread.java:744) ~[na:1.7.0_45]
